<html>
<body>
<pre>
<h1>Vision Build Log</h1>
<h2>Tool Versions:</h2>
IDE-Version: μVision V5.14.0.0
Copyright (C) 2015 ARM Ltd and ARM Germany GmbH. All rights reserved.
License Information: aa aa, aa, LIC=KRMMM-X0R8M-KB3ER-KSDDJ-9DMA2-Z6KLE
 
Tool Versions:
Toolchain:       MDK-ARM Standard  Version: 5.14.0.0
Toolchain Path:  d:\Keil_v5\ARM\ARMCC\Bin
C Compiler:      Armcc.exe V5.05 update 1 (build 106)
Assembler:       Armasm.exe V5.05 update 1 (build 106)
Linker/Locator:  ArmLink.exe V5.05 update 1 (build 106)
Library Manager: ArmAr.exe V5.05 update 1 (build 106)
Hex Converter:   FromElf.exe V5.05 update 1 (build 106)
CPU DLL:         SARMCM3.DLL V5.14.0.0
Dialog DLL:      DARMSTM.DLL V1.65.0.0
Target DLL:      Segger\JL2CM3.dll V2.99.13.0
Dialog DLL:      TARMSTM.DLL V1.64.0.0
 
<h2>Project:</h2>
E:\Test\SH\StepMotor\Project\STM32+UCOSII.uvprojx
Project File Date:  05/13/2015

<h2>Output:</h2>
Rebuild target 'STM32_UCOSII'
compiling app.c...
..\APP\app.c(89): warning:  #177-D: function "vTaskStkCHK" was declared but never referenced
  void vTaskStkCHK(void *p_arg)
..\APP\app.c: 1 warning, 0 errors
compiling taskSR04.c...
compiling taskCommunication.c...
compiling taskRTC.c...
compiling taskMSD.c...
compiling task2305.c...
compiling taskLIFT.c...
compiling taskStepMotor.c...
..\APP\taskStepMotor.c(10): warning:  #177-D: variable "err" was declared but never referenced
      u8 err;
..\APP\taskStepMotor.c(11): warning:  #177-D: variable "StepValues" was declared but never referenced
      OS_FLAGS StepValues;
..\APP\taskStepMotor.c: 2 warnings, 0 errors
compiling BSP.C...
..\BSP\BSP.C(12): warning:  #177-D: variable "i" was declared but never referenced
      u16 i;
..\BSP\BSP.C: 1 warning, 0 errors
compiling usart.c...
compiling SR04.c...
compiling adc.c...
compiling rtc.c...
compiling SPI_MSD0_Driver.c...
compiling fatfs.c...
compiling enc28j60.c...
compiling AM2305.c...
compiling pto.c...
..\BSP\PTO\pto.c(521): warning:  #223-D: function "abs" declared implicitly
                  if((u32)abs(PulseNum_Global - PulseNum_TEMP) > (PulseNum_Buf[tempflag] - 1)) //输出达到指定脉冲数
..\BSP\PTO\pto.c: 1 warning, 0 errors
compiling encoder.c...
compiling timerx.c...
compiling main.c...
compiling stm32f10x_it.c...
assembling startup_stm32f10x_hd.s...
compiling core_cm3.c...
compiling system_stm32f10x.c...
compiling misc.c...
compiling stm32f10x_crc.c...
compiling stm32f10x_exti.c...
compiling stm32f10x_gpio.c...
compiling stm32f10x_rcc.c...
compiling stm32f10x_tim.c...
compiling stm32f10x_usart.c...
compiling stm32f10x_adc.c...
compiling stm32f10x_dma.c...
compiling stm32f10x_bkp.c...
compiling stm32f10x_flash.c...
compiling stm32f10x_pwr.c...
compiling stm32f10x_rtc.c...
compiling stm32f10x_spi.c...
compiling os_core.c...
compiling os_flag.c...
compiling os_mbox.c...
compiling os_mem.c...
compiling os_mutex.c...
compiling os_q.c...
compiling os_sem.c...
compiling os_task.c...
compiling os_time.c...
compiling os_tmr.c...
compiling os_cpu_c.c...
compiling os_dbg.c...
assembling os_cpu_a.asm...
..\uCOS-II\Ports\os_cpu_a.asm(168): error: A1854E: Unknown opcode 'VSTMDBEQ', maybe wrong target CPU?
..\uCOS-II\Ports\os_cpu_a.asm(170): error: A1619E: Specified condition is not consistent with previous IT
..\uCOS-II\Ports\os_cpu_a.asm(201): error: A1854E: Unknown opcode 'VLDMIAEQ', maybe wrong target CPU?
..\uCOS-II\Ports\os_cpu_a.asm(203): error: A1619E: Specified condition is not consistent with previous IT
compiling ccsbcs.c...
compiling diskio.c...
compiling ff.c...
..\FATFS_V0.09\src\ff.c(1653): warning:  #111-D: statement is unreachable
                        w = (w << 8) + b;                       /* Create a DBC */
..\FATFS_V0.09\src\ff.c(1216): warning:  #177-D: function "pick_lfn" was declared but never referenced
  int pick_lfn (                        /* 1:Succeeded, 0:Buffer overflow */
..\FATFS_V0.09\src\ff.c: 2 warnings, 0 errors
".\Output\STM32+UCOSII.axf" - 4 Error(s), 7 Warning(s).

<h2>Collection of Component include folders:</h2>
  E:\Test\SH\StepMotor\Project\RTE
  d:\Keil_v5\ARM\PACK\Keil\STM32F1xx_DFP\1.1.0\Device\Include

<h2>Collection of Component Files used:</h2>
Target not created.
</pre>
</body>
</html>
